{
  "RSpec": {
    "coverage": {
      "/home/guillaume/pro/learning/advanced_rails/bonsai/app/models/user.rb": [
        1,
        1,
        null,
        null,
        null,
        null,
        null,
        null,
        null,
        null,
        null,
        null,
        null,
        null,
        null,
        null,
        null,
        null,
        null,
        1,
        null,
        null,
        1,
        1,
        null,
        1,
        null,
        null,
        null,
        null,
        0,
        null,
        null
      ],
      "/home/guillaume/pro/learning/advanced_rails/bonsai/app/models/application_record.rb": [
        1,
        1,
        null
      ],
      "/home/guillaume/pro/learning/advanced_rails/bonsai/app/helpers/application_helper.rb": [
        1,
        null
      ],
      "/home/guillaume/pro/learning/advanced_rails/bonsai/app/helpers/care_moment_helper.rb": [
        1,
        1,
        0,
        null,
        null,
        null,
        null,
        0,
        null,
        null
      ],
      "/home/guillaume/pro/learning/advanced_rails/bonsai/app/helpers/leaderboard_helper.rb": [
        1,
        1,
        0,
        null,
        null,
        null,
        null,
        0,
        null,
        null
      ],
      "/home/guillaume/pro/learning/advanced_rails/bonsai/app/helpers/plant_helper.rb": [
        1,
        1,
        0,
        null,
        null,
        null,
        0,
        null,
        null
      ],
      "/home/guillaume/pro/learning/advanced_rails/bonsai/app/models/care_moment.rb": [
        1,
        1,
        null,
        null,
        null,
        null,
        null,
        null,
        null,
        null,
        null,
        null,
        null,
        null,
        null,
        null,
        1,
        null,
        1,
        1,
        null
      ],
      "/home/guillaume/pro/learning/advanced_rails/bonsai/app/models/plant.rb": [
        1,
        1,
        1,
        null,
        1,
        1,
        null,
        1,
        null
      ],
      "/home/guillaume/pro/learning/advanced_rails/bonsai/app/presenters/plant_presenter.rb": [
        1,
        1,
        2,
        6,
        null,
        null,
        null
      ],
      "/home/guillaume/pro/learning/advanced_rails/bonsai/app/presenters/base_presenter.rb": [
        1,
        null,
        1,
        1,
        0,
        null,
        null
      ],
      "/home/guillaume/pro/learning/advanced_rails/bonsai/app/presenters/user_presenter.rb": [
        1,
        1,
        3,
        3,
        null,
        2,
        null,
        null
      ],
      "/home/guillaume/pro/learning/advanced_rails/bonsai/app/queries/care_moment_query.rb": [
        1,
        1,
        2,
        null,
        null,
        1,
        null,
        2,
        null,
        null
      ],
      "/home/guillaume/pro/learning/advanced_rails/bonsai/app/queries/base_query.rb": [
        1,
        null,
        1,
        1,
        4,
        4,
        null,
        null,
        1,
        9,
        3,
        null,
        3,
        null,
        3,
        6,
        null,
        6,
        4,
        null,
        2,
        null,
        null,
        null,
        3,
        null,
        null
      ],
      "/home/guillaume/pro/learning/advanced_rails/bonsai/app/services/plants/recalculate_care_points_service.rb": [
        1,
        1,
        1,
        1,
        null,
        null,
        1,
        1,
        null,
        null,
        null
      ],
      "/home/guillaume/pro/learning/advanced_rails/bonsai/app/services/users/recalculate_care_points_service.rb": [
        1,
        1,
        1,
        1,
        null,
        null,
        1,
        1,
        1,
        null,
        null,
        1,
        null,
        1,
        1,
        null,
        null,
        1,
        1,
        null,
        null,
        1,
        5,
        null,
        null,
        null
      ],
      "/home/guillaume/pro/learning/advanced_rails/bonsai/app/queries/plant_query.rb": [
        1,
        1,
        2,
        null,
        null,
        1,
        2,
        2,
        null,
        2,
        6,
        null,
        6,
        null,
        null,
        null,
        null,
        null,
        null,
        null,
        null,
        null,
        null,
        6,
        null,
        null,
        null,
        null,
        null,
        null,
        null,
        null,
        null,
        null,
        2,
        null,
        null,
        1,
        2,
        6,
        null,
        6,
        null,
        null,
        null,
        null,
        null,
        null,
        null,
        null,
        null,
        null,
        null,
        null,
        2,
        null,
        null
      ],
      "/home/guillaume/pro/learning/advanced_rails/bonsai/app/controllers/pages_controller.rb": [
        1,
        1,
        null,
        1,
        4,
        null,
        null
      ],
      "/home/guillaume/pro/learning/advanced_rails/bonsai/app/controllers/application_controller.rb": [
        1,
        1,
        null
      ],
      "/home/guillaume/pro/learning/advanced_rails/bonsai/app/mailers/application_mailer.rb": [
        0,
        0,
        0,
        0
      ],
      "/home/guillaume/pro/learning/advanced_rails/bonsai/app/jobs/application_job.rb": [
        0,
        0
      ],
      "/home/guillaume/pro/learning/advanced_rails/bonsai/app/controllers/garden/plants_controller.rb": [
        0,
        0,
        null,
        0,
        0,
        0,
        null,
        0,
        0,
        null,
        0,
        0,
        0,
        0,
        0,
        null,
        0,
        0,
        null,
        0,
        0,
        0,
        null,
        0,
        0,
        0,
        null,
        0,
        0,
        0,
        0,
        0,
        0,
        0,
        0,
        null,
        0,
        0,
        null,
        0,
        0,
        null,
        0,
        0,
        0,
        0,
        0,
        0,
        0,
        0,
        null,
        0,
        0,
        0,
        0,
        null,
        0,
        null,
        0,
        0,
        0,
        0,
        0,
        0,
        0,
        0,
        0,
        null,
        0,
        0,
        0,
        0
      ],
      "/home/guillaume/pro/learning/advanced_rails/bonsai/app/controllers/garden/care_moments_controller.rb": [
        0,
        0,
        0,
        0,
        null,
        0,
        0,
        0,
        null,
        0,
        null,
        0,
        0,
        null,
        0,
        null,
        0,
        0,
        null,
        0,
        0,
        null,
        0,
        0,
        0,
        0,
        0,
        0,
        0,
        null,
        0,
        0,
        0,
        0,
        0,
        0,
        0,
        0,
        0,
        0,
        0,
        0
      ],
      "/home/guillaume/pro/learning/advanced_rails/bonsai/app/controllers/garden/dashboard_controller.rb": [
        0,
        0,
        0,
        null,
        0,
        0,
        0,
        0,
        0,
        0
      ],
      "/home/guillaume/pro/learning/advanced_rails/bonsai/app/controllers/plants_controller.rb": [
        0,
        0,
        null,
        0,
        0,
        0,
        null,
        0,
        0,
        null,
        0,
        0,
        0,
        0,
        0
      ],
      "/home/guillaume/pro/learning/advanced_rails/bonsai/app/controllers/leaderboard_controller.rb": [
        0,
        0,
        0,
        0,
        0
      ],
      "/home/guillaume/pro/learning/advanced_rails/bonsai/app/channels/application_cable/channel.rb": [
        0,
        0,
        0,
        0
      ],
      "/home/guillaume/pro/learning/advanced_rails/bonsai/app/channels/application_cable/connection.rb": [
        0,
        0,
        0,
        0
      ],
      "/home/guillaume/pro/learning/advanced_rails/bonsai/app/services/generate_care_moment_service.rb": [
        0,
        0,
        0,
        0,
        0,
        null,
        0,
        0,
        null,
        0,
        0,
        0,
        null,
        0,
        null,
        0,
        0,
        0,
        0,
        0,
        0,
        0,
        0,
        null,
        0,
        0,
        0,
        0,
        null,
        0,
        0,
        0,
        0,
        0,
        0
      ]
    },
    "timestamp": 1554919089
  }
}
